INFO:root:Settled in the house
INFO:root:I bought a car: BMW
INFO:root:I am going to get a job C++ developer with salary 45
INFO:root:========Today is the 1 day of Nick's life=========
INFO:root:                   Nick's info                    
INFO:root:money: 100
INFO:root:satiety: 50
INFO:root:happiness: 50
INFO:root:                    Home info                     
INFO:root:food: 0
INFO:root:mess: 0
INFO:root:                    BMW's info                    
INFO:root:fuel: 94
INFO:root:strength: 99
INFO:root:Lets chill!
INFO:root:========Today is the 2 day of Nick's life=========
INFO:root:                   Nick's info                    
INFO:root:money: 100
INFO:root:satiety: 50
INFO:root:happiness: 60
INFO:root:                    Home info                     
INFO:root:food: 0
INFO:root:mess: 5
INFO:root:                    BMW's info                    
INFO:root:fuel: 94
INFO:root:strength: 99
INFO:root:Lets chill!
INFO:root:========Today is the 3 day of Nick's life=========
INFO:root:                   Nick's info                    
INFO:root:money: 100
INFO:root:satiety: 50
INFO:root:happiness: 70
INFO:root:                    Home info                     
INFO:root:food: 0
INFO:root:mess: 10
INFO:root:                    BMW's info                    
INFO:root:fuel: 94
INFO:root:strength: 99
INFO:root:Start working!
INFO:root:========Today is the 4 day of Nick's life=========
INFO:root:                   Nick's info                    
INFO:root:money: 145
INFO:root:satiety: 46
INFO:root:happiness: 45
INFO:root:                    Home info                     
INFO:root:food: 0
INFO:root:mess: 10
INFO:root:                    BMW's info                    
INFO:root:fuel: 88
INFO:root:strength: 98
INFO:root:Start working!
INFO:root:========Today is the 5 day of Nick's life=========
INFO:root:                   Nick's info                    
INFO:root:money: 190
INFO:root:satiety: 42
INFO:root:happiness: 20
INFO:root:                    Home info                     
INFO:root:food: 0
INFO:root:mess: 10
INFO:root:                    BMW's info                    
INFO:root:fuel: 82
INFO:root:strength: 97
INFO:root:Time for sweets
INFO:root:I bought sweets
INFO:root:========Today is the 6 day of Nick's life=========
INFO:root:                   Nick's info                    
INFO:root:money: 175
INFO:root:satiety: 44
INFO:root:happiness: 30
INFO:root:                    Home info                     
INFO:root:food: 0
INFO:root:mess: 10
INFO:root:                    BMW's info                    
INFO:root:fuel: 76
INFO:root:strength: 96
INFO:root:Time for sweets
INFO:root:I bought sweets
INFO:root:========Today is the 7 day of Nick's life=========
INFO:root:                   Nick's info                    
INFO:root:money: 160
INFO:root:satiety: 46
INFO:root:happiness: 40
INFO:root:                    Home info                     
INFO:root:food: 0
INFO:root:mess: 10
INFO:root:                    BMW's info                    
INFO:root:fuel: 70
INFO:root:strength: 95
INFO:root:Time for sweets
INFO:root:I bought sweets
